2020-07-13 00:14:01,365 [Worker-2: Loading available Gradle versions] INFO  o.e.b.c.i.u.g.PublishedGradleVersions - Gradle version information cache is up-to-date. Trying to read.
2020-07-13 00:15:51,237 [Worker-5: Importing Maven projects] INFO  o.e.m.c.i.l.LifecycleMappingFactory - Using org.eclipse.m2e.jdt.JarLifecycleMapping lifecycle mapping for MavenProject: com.osa.prestage:Prestage:0.0.1-SNAPSHOT @ /Users/mdarifuzzaman/Desktop/git_test/OSA_Pre_Stage/Prestage/pom.xml.
2020-07-13 00:15:52,655 [Worker-5: Importing Maven projects] INFO  o.e.m.j.i.AbstractJavaProjectConfigurator - Adding source folder /Prestage/src/main/java
2020-07-13 00:15:52,656 [Worker-5: Importing Maven projects] INFO  o.e.m.j.i.AbstractJavaProjectConfigurator - Adding source folder /Prestage/src/test/java
2020-07-13 00:15:53,524 [Worker-5: Importing Maven projects] INFO  o.e.m.c.i.p.ProjectConfigurationManager - Imported and configured 1 project(s) in 6 sec
2020-07-13 00:15:55,751 [Worker-10: Building workspace] WARN  o.e.m.c.i.embedder.EclipseLogger - Using platform encoding (UTF-8 actually) to copy filtered resources, i.e. build is platform dependent!
2020-07-13 00:15:55,798 [Worker-10: Building workspace] INFO  o.e.m.c.i.embedder.EclipseLogger - skip non existing resourceDirectory /Users/mdarifuzzaman/Desktop/git_test/OSA_Pre_Stage/Prestage/src/main/resources
2020-07-13 00:15:55,802 [Worker-10: Building workspace] WARN  o.e.m.c.i.embedder.EclipseLogger - Using platform encoding (UTF-8 actually) to copy filtered resources, i.e. build is platform dependent!
2020-07-13 00:15:55,803 [Worker-10: Building workspace] INFO  o.e.m.c.i.embedder.EclipseLogger - skip non existing resourceDirectory /Users/mdarifuzzaman/Desktop/git_test/OSA_Pre_Stage/Prestage/src/test/resources
2020-07-13 00:18:51,715 [Worker-4: Loading available Gradle versions] INFO  o.e.b.c.i.u.g.PublishedGradleVersions - Gradle version information cache is up-to-date. Trying to read.
2020-07-13 14:50:54,989 [Worker-27: Building workspace] WARN  o.e.m.c.i.embedder.EclipseLogger - Using platform encoding (UTF-8 actually) to copy filtered resources, i.e. build is platform dependent!
2020-07-13 14:50:54,994 [Worker-27: Building workspace] INFO  o.e.m.c.i.embedder.EclipseLogger - skip non existing resourceDirectory /Users/mdarifuzzaman/Desktop/git_test/OSA_Pre_Stage/Prestage/src/main/resources
2020-07-13 14:50:54,998 [Worker-27: Building workspace] WARN  o.e.m.c.i.embedder.EclipseLogger - Using platform encoding (UTF-8 actually) to copy filtered resources, i.e. build is platform dependent!
2020-07-13 14:50:54,999 [Worker-27: Building workspace] INFO  o.e.m.c.i.embedder.EclipseLogger - skip non existing resourceDirectory /Users/mdarifuzzaman/Desktop/git_test/OSA_Pre_Stage/Prestage/src/test/resources
2020-07-13 14:51:33,281 [Worker-26: Building workspace] WARN  o.e.m.c.i.embedder.EclipseLogger - Using platform encoding (UTF-8 actually) to copy filtered resources, i.e. build is platform dependent!
2020-07-13 14:51:33,282 [Worker-26: Building workspace] INFO  o.e.m.c.i.embedder.EclipseLogger - skip non existing resourceDirectory /Users/mdarifuzzaman/Desktop/git_test/OSA_Pre_Stage/Prestage/src/main/resources
2020-07-13 14:51:33,284 [Worker-26: Building workspace] WARN  o.e.m.c.i.embedder.EclipseLogger - Using platform encoding (UTF-8 actually) to copy filtered resources, i.e. build is platform dependent!
2020-07-13 14:51:33,285 [Worker-26: Building workspace] INFO  o.e.m.c.i.embedder.EclipseLogger - skip non existing resourceDirectory /Users/mdarifuzzaman/Desktop/git_test/OSA_Pre_Stage/Prestage/src/test/resources
2020-07-13 14:51:47,191 [Worker-26: Building workspace] WARN  o.e.m.c.i.embedder.EclipseLogger - Using platform encoding (UTF-8 actually) to copy filtered resources, i.e. build is platform dependent!
2020-07-13 14:51:47,192 [Worker-26: Building workspace] INFO  o.e.m.c.i.embedder.EclipseLogger - skip non existing resourceDirectory /Users/mdarifuzzaman/Desktop/git_test/OSA_Pre_Stage/Prestage/src/main/resources
2020-07-13 14:51:47,196 [Worker-26: Building workspace] WARN  o.e.m.c.i.embedder.EclipseLogger - Using platform encoding (UTF-8 actually) to copy filtered resources, i.e. build is platform dependent!
2020-07-13 14:51:47,197 [Worker-26: Building workspace] INFO  o.e.m.c.i.embedder.EclipseLogger - skip non existing resourceDirectory /Users/mdarifuzzaman/Desktop/git_test/OSA_Pre_Stage/Prestage/src/test/resources
2020-07-13 14:53:04,001 [Worker-28: Building workspace] WARN  o.e.m.c.i.embedder.EclipseLogger - Using platform encoding (UTF-8 actually) to copy filtered resources, i.e. build is platform dependent!
2020-07-13 14:53:04,002 [Worker-28: Building workspace] INFO  o.e.m.c.i.embedder.EclipseLogger - skip non existing resourceDirectory /Users/mdarifuzzaman/Desktop/git_test/OSA_Pre_Stage/Prestage/src/main/resources
2020-07-13 14:53:04,005 [Worker-28: Building workspace] WARN  o.e.m.c.i.embedder.EclipseLogger - Using platform encoding (UTF-8 actually) to copy filtered resources, i.e. build is platform dependent!
2020-07-13 14:53:04,006 [Worker-28: Building workspace] INFO  o.e.m.c.i.embedder.EclipseLogger - skip non existing resourceDirectory /Users/mdarifuzzaman/Desktop/git_test/OSA_Pre_Stage/Prestage/src/test/resources
2020-07-13 14:57:34,504 [Worker-26: Building workspace] WARN  o.e.m.c.i.embedder.EclipseLogger - Using platform encoding (UTF-8 actually) to copy filtered resources, i.e. build is platform dependent!
2020-07-13 14:57:34,506 [Worker-26: Building workspace] INFO  o.e.m.c.i.embedder.EclipseLogger - skip non existing resourceDirectory /Users/mdarifuzzaman/Desktop/git_test/OSA_Pre_Stage/Prestage/src/main/resources
2020-07-13 14:57:34,508 [Worker-26: Building workspace] WARN  o.e.m.c.i.embedder.EclipseLogger - Using platform encoding (UTF-8 actually) to copy filtered resources, i.e. build is platform dependent!
2020-07-13 14:57:34,509 [Worker-26: Building workspace] INFO  o.e.m.c.i.embedder.EclipseLogger - skip non existing resourceDirectory /Users/mdarifuzzaman/Desktop/git_test/OSA_Pre_Stage/Prestage/src/test/resources
2020-07-13 14:58:06,338 [Worker-27: Building workspace] WARN  o.e.m.c.i.embedder.EclipseLogger - Using platform encoding (UTF-8 actually) to copy filtered resources, i.e. build is platform dependent!
2020-07-13 14:58:06,339 [Worker-27: Building workspace] INFO  o.e.m.c.i.embedder.EclipseLogger - skip non existing resourceDirectory /Users/mdarifuzzaman/Desktop/git_test/OSA_Pre_Stage/Prestage/src/main/resources
2020-07-13 14:58:06,342 [Worker-27: Building workspace] WARN  o.e.m.c.i.embedder.EclipseLogger - Using platform encoding (UTF-8 actually) to copy filtered resources, i.e. build is platform dependent!
2020-07-13 14:58:06,343 [Worker-27: Building workspace] INFO  o.e.m.c.i.embedder.EclipseLogger - skip non existing resourceDirectory /Users/mdarifuzzaman/Desktop/git_test/OSA_Pre_Stage/Prestage/src/test/resources
2020-07-13 14:58:21,534 [Worker-23: Launching Browser] WARN  o.e.m.c.i.embedder.EclipseLogger - Using platform encoding (UTF-8 actually) to copy filtered resources, i.e. build is platform dependent!
2020-07-13 14:58:21,543 [Worker-23: Launching Browser] INFO  o.e.m.c.i.embedder.EclipseLogger - skip non existing resourceDirectory /Users/mdarifuzzaman/Desktop/git_test/OSA_Pre_Stage/Prestage/src/main/resources
2020-07-13 14:58:21,545 [Worker-23: Launching Browser] WARN  o.e.m.c.i.embedder.EclipseLogger - Using platform encoding (UTF-8 actually) to copy filtered resources, i.e. build is platform dependent!
2020-07-13 14:58:21,546 [Worker-23: Launching Browser] INFO  o.e.m.c.i.embedder.EclipseLogger - skip non existing resourceDirectory /Users/mdarifuzzaman/Desktop/git_test/OSA_Pre_Stage/Prestage/src/test/resources
2020-07-13 15:06:22,973 [Worker-19: Building workspace] WARN  o.e.m.c.i.embedder.EclipseLogger - Using platform encoding (UTF-8 actually) to copy filtered resources, i.e. build is platform dependent!
2020-07-13 15:06:22,976 [Worker-19: Building workspace] INFO  o.e.m.c.i.embedder.EclipseLogger - skip non existing resourceDirectory /Users/mdarifuzzaman/Desktop/git_test/OSA_Pre_Stage/Prestage/src/main/resources
2020-07-13 15:06:22,978 [Worker-19: Building workspace] WARN  o.e.m.c.i.embedder.EclipseLogger - Using platform encoding (UTF-8 actually) to copy filtered resources, i.e. build is platform dependent!
2020-07-13 15:06:22,979 [Worker-19: Building workspace] INFO  o.e.m.c.i.embedder.EclipseLogger - skip non existing resourceDirectory /Users/mdarifuzzaman/Desktop/git_test/OSA_Pre_Stage/Prestage/src/test/resources
2020-07-13 15:07:17,288 [Worker-30: Building workspace] WARN  o.e.m.c.i.embedder.EclipseLogger - Using platform encoding (UTF-8 actually) to copy filtered resources, i.e. build is platform dependent!
2020-07-13 15:07:17,295 [Worker-30: Building workspace] INFO  o.e.m.c.i.embedder.EclipseLogger - skip non existing resourceDirectory /Users/mdarifuzzaman/Desktop/git_test/OSA_Pre_Stage/Prestage/src/main/resources
2020-07-13 15:07:17,299 [Worker-30: Building workspace] WARN  o.e.m.c.i.embedder.EclipseLogger - Using platform encoding (UTF-8 actually) to copy filtered resources, i.e. build is platform dependent!
2020-07-13 15:07:17,301 [Worker-30: Building workspace] INFO  o.e.m.c.i.embedder.EclipseLogger - skip non existing resourceDirectory /Users/mdarifuzzaman/Desktop/git_test/OSA_Pre_Stage/Prestage/src/test/resources
2020-07-13 15:36:05,943 [Worker-30: Building workspace] WARN  o.e.m.c.i.embedder.EclipseLogger - Using platform encoding (UTF-8 actually) to copy filtered resources, i.e. build is platform dependent!
2020-07-13 15:36:06,037 [Worker-30: Building workspace] INFO  o.e.m.c.i.embedder.EclipseLogger - skip non existing resourceDirectory /Users/mdarifuzzaman/Desktop/git_test/OSA_Pre_Stage/Prestage/src/main/resources
2020-07-13 15:36:06,042 [Worker-30: Building workspace] WARN  o.e.m.c.i.embedder.EclipseLogger - Using platform encoding (UTF-8 actually) to copy filtered resources, i.e. build is platform dependent!
2020-07-13 15:36:06,043 [Worker-30: Building workspace] INFO  o.e.m.c.i.embedder.EclipseLogger - skip non existing resourceDirectory /Users/mdarifuzzaman/Desktop/git_test/OSA_Pre_Stage/Prestage/src/test/resources
